<?xml version="1.0" encoding="ISO-8859-1" ?>
<!DOCTYPE html PUBLIC "-//W3C//DTD XHTML 1.0 Strict//EN"
"http://www.w3.org/TR/xhtml1/DTD/xhtml1-strict.dtd">
<html xmlns="http://www.w3.org/1999/xhtml" xml:lang="en" lang="en">
<head>
  <meta http-equiv="Content-Type" content="text/html;charset=utf-8" />
  <meta name="description" content="TestNG unit test results." />
  <link href="css/bootstrap.min.css" rel="stylesheet" />
  <link href="css/reportngClass.css" rel="stylesheet" />
  <script type="text/javascript" src="js/reportngClass.js"></script>
  <script type="text/javascript" src="js/jquery-1.4.4.min.js"></script> 
  <script type="text/javascript" src="js/jquery.tablesorter.min.js"></script>
  <script type="text/javascript" src="js/json-min.js"></script>
  <script type="text/javascript">
	$(document).ready(function(){
		$('.tablesorter').tablesorter({sortList: [[0,0]]});
	});
  </script>
</head>
<body onload="doParse(); return false;" onkeypress="collapseExpand();">
<div class="well well-large">
	<b>Test Info</>
	<table class="table">
	  <tr>
	    <th>Test Name : </th>
	    <th>
	    	<div class="tooltipCustom">
	    		<img src="images/copy.png" width="10" height="15" alt="Copy to Clipboard" onclick="copyToClipboard('#testNameId')"/>
	    		<span class="tooltiptextCustom">Copy Test name</span>
			</div>
	    </th>
	    <th id="testNameId">Dependency test</th> 
	  </tr>
	  <tr>
	    <th>Test Class : </th>
	    <th>
	    	<div class="tooltipCustom">
	    		<img src="images/copy.png" width="10" height="15" alt="Copy to Clipboard" onclick="copyToClipboard('#testClassId')"/>
	    		<span class="tooltiptextCustom">Copy full path Class name</span>
			</div>
	    	<div class="tooltipCustom">
	    		<img src="images/copy.png" width="10" height="15" alt="Copy to Clipboard" onclick="copyToClipboard('#testClassNameId')"/>
	    		<span class="tooltiptextCustom">Copy Class name</span>
			</div>
	    </th> 
	    <th id="testClassId">UI_TestNG.DependencyTest</th>
	    <th id="testClassNameId" hidden="true">DependencyTest</th>
	  </tr>
	  <tr>
	    <th>Suite Name : </th>
	    <th>
	    	<div class="tooltipCustom">
	    		<img src="images/copy.png" width="10" height="15" alt="Copy to Clipboard" onclick="copyToClipboard('#suiteNameId')"/>
	    		<span class="tooltiptextCustom">Copy Suite name</span>
			</div>
		</th>
	    <th id="suiteNameId">Listener Test Suite</th>
	  </tr>
	  <tr>
	    <th>Suite XML : </th>
	    <th>
	    	<div class="tooltipCustom">
	    		<img src="images/copy.png" width="10" height="15" alt="Copy to Clipboard" onclick="copyToClipboard('#suiteXMLId')"/>
	    		<span class="tooltiptextCustom">Copy Suite full path name</span>
			</div>
	    	<div class="tooltipCustom">
	    		<img src="images/copy.png" width="10" height="15" alt="Copy to Clipboard" onclick="copyToClipboard('#suiteXMLNameId')"/>
	    		<span class="tooltiptextCustom">Copy Suite file name</span>
			</div>
	    </th> 
	  	<th id="suiteXMLId">C:\Users\Engr. Abbey\eclipse-workspace\WebPortal_TestNg\TestNG4.xml</th>
	  	<th id="suiteXMLNameId" hidden="true">TestNG4.xml</th>
	  </tr>
	  	  <tr>
	    <th>Total Time : </th>
	    <th></th>
	    <th>00:00:02</th> 
	  </tr>
	  <tr>
	    <th>Total Steps : </th>
	   	<th></th>
	    <th>4</th> 
	  </tr>
	  <tr>
	    <th>Status : </th>
	    <th></th>
	    <th><font color="red">FAIL</font></th> 
	  </tr>
	</table>
</div>
<div class="well well-large">
	<div class="row">
		<div class="col-xs-12">
	        <div class="text-right">
	            <button id="hideResults" type="button" class="btn-danger" onclick="collapseExpand(this);" onkeypress="collapseExpand(this);" class="btn pull-right" title="Click or Press Any key to collapse/expand All Failed Tests and Configuration Methods">Show Only Failures</button>
	        </div>
	    </div>
	</div>
	<table class="tablesorter" border="1">
		<thead>
		<tr>
		<th class="headerTime">Time</th>
		<th class="headerTime" width="12%">Info</th>
		<th class="headerTime" width="88%">Test</th>
		</tr>
		</thead>
		<tbody>
		
				
				
												
											<tr>
	<td class="time">1717938684887</td>
	<td class="header failed" colspan="4" onClick="toggleElement('ae22c8b7-6a00-455c-b191-a3a9339431a3','block');changeSingleIcon('span-ae22c8b7-6a00-455c-b191-a3a9339431a3');" title="Click to expand/collapse" style="cursor: pointer;">
	<div style="float:left;"><i>Class&nbsp;:&nbsp;</i>UI_TestNG.DependencyTest</div>
	<div style="float:right;">@Test @ with DataProvider : [""] &nbsp;&nbsp;<span id='span-ae22c8b7-6a00-455c-b191-a3a9339431a3' class="glyphicon glyphicon-menu-down"></span></div>
	</td>
	</tr>
<tr>
	<td class="time">1717938684887</td>
	<td class="methodTest">
		<span class="description"><b>Method: </b>userRegistration</span><br>
			<span class="description"><b>Description: </b></span><br>
							<span class="duration"><b>Duration: </b>2.128s</span><br>
	</td>
	<td class="result">
						<div class="noCollapse" id="ae22c8b7-6a00-455c-b191-a3a9339431a3" style="display: block;">
												Method name is - userRegistration
												This is test1
												<a href="C:\Users\Engr. Abbey\eclipse-workspace\WebPortal_TestNg\screenshot">Test Results</a>
									<a href="javascript:toggleElement('exception-ae22c8b7-6a00-455c-b191-a3a9339431a3','block')" title="Click to expand/collapse"><b>java.lang.AssertionError: expected [true] but found [false]</b></a><br/>
		<div class="stackTrace" id="exception-ae22c8b7-6a00-455c-b191-a3a9339431a3">
					org.testng.Assert.fail(Assert.java:111)<br/>
					org.testng.Assert.failNotEquals(Assert.java:1578)<br/>
					org.testng.Assert.assertTrue(Assert.java:57)<br/>
					org.testng.Assert.assertTrue(Assert.java:67)<br/>
					UI_TestNG.DependencyTest.userRegistration(DependencyTest.java:17)<br/>
					java.base/jdk.internal.reflect.DirectMethodHandleAccessor.invoke(DirectMethodHandleAccessor.java:103)<br/>
					java.base/java.lang.reflect.Method.invoke(Method.java:580)<br/>
					org.testng.internal.invokers.MethodInvocationHelper.invokeMethod(MethodInvocationHelper.java:141)<br/>
					org.testng.internal.invokers.TestInvoker.invokeMethod(TestInvoker.java:686)<br/>
					org.testng.internal.invokers.TestInvoker.invokeTestMethod(TestInvoker.java:230)<br/>
					org.testng.internal.invokers.MethodRunner.runInSequence(MethodRunner.java:63)<br/>
					org.testng.internal.invokers.TestInvoker$MethodInvocationAgent.invoke(TestInvoker.java:992)<br/>
					org.testng.internal.invokers.TestInvoker.invokeTestMethods(TestInvoker.java:203)<br/>
					org.testng.internal.invokers.TestMethodWorker.invokeTestMethods(TestMethodWorker.java:154)<br/>
					org.testng.internal.invokers.TestMethodWorker.run(TestMethodWorker.java:134)<br/>
					java.base/java.util.ArrayList.forEach(ArrayList.java:1596)<br/>
					org.testng.TestRunner.privateRun(TestRunner.java:739)<br/>
					org.testng.TestRunner.run(TestRunner.java:614)<br/>
					org.testng.SuiteRunner.runTest(SuiteRunner.java:421)<br/>
					org.testng.SuiteRunner.runSequentially(SuiteRunner.java:413)<br/>
					org.testng.SuiteRunner.privateRun(SuiteRunner.java:373)<br/>
					org.testng.SuiteRunner.run(SuiteRunner.java:312)<br/>
					org.testng.SuiteRunnerWorker.runSuite(SuiteRunnerWorker.java:52)<br/>
					org.testng.SuiteRunnerWorker.run(SuiteRunnerWorker.java:95)<br/>
					org.testng.TestNG.runSuitesSequentially(TestNG.java:1274)<br/>
					org.testng.TestNG.runSuitesLocally(TestNG.java:1208)<br/>
					org.testng.TestNG.runSuites(TestNG.java:1112)<br/>
					org.testng.TestNG.run(TestNG.java:1079)<br/>
					org.testng.remote.AbstractRemoteTestNG.run(AbstractRemoteTestNG.java:115)<br/>
					org.testng.remote.RemoteTestNG.initAndRun(RemoteTestNG.java:293)<br/>
					org.testng.remote.RemoteTestNG.main(RemoteTestNG.java:91)<br/>
						</div>
		</td>
	</div>
</tr>
					<tr>
	<td class="time">1717938687112</td>
	<td class="header failed" colspan="4" onClick="toggleElement('3cdae7bd-6c61-45cd-91ad-a5e6f2e51c1f','block');changeSingleIcon('span-3cdae7bd-6c61-45cd-91ad-a5e6f2e51c1f');" title="Click to expand/collapse" style="cursor: pointer;">
	<div style="float:left;"><i>Class&nbsp;:&nbsp;</i>UI_TestNG.DependencyTest</div>
	<div style="float:right;">@Test @ with DataProvider : [""] &nbsp;&nbsp;<span id='span-3cdae7bd-6c61-45cd-91ad-a5e6f2e51c1f' class="glyphicon glyphicon-menu-down"></span></div>
	</td>
	</tr>
<tr>
	<td class="time">1717938687112</td>
	<td class="methodTest">
		<span class="description"><b>Method: </b>reporterTest3</span><br>
			<span class="description"><b>Description: </b></span><br>
						<span class="description"><b>Groups: </b><font color='green'>smoke</font></span><br>
				<span class="duration"><b>Duration: </b>0.001s</span><br>
	</td>
	<td class="result">
						<div class="noCollapse" id="3cdae7bd-6c61-45cd-91ad-a5e6f2e51c1f" style="display: block;">
												Method name is - reporterTest3
												<a href="C:\Users\Engr. Abbey\eclipse-workspace\WebPortal_TestNg\screenshot">Test Results</a>
									<a href="javascript:toggleElement('exception-3cdae7bd-6c61-45cd-91ad-a5e6f2e51c1f','block')" title="Click to expand/collapse"><b>java.lang.AssertionError: expected [true] but found [false]</b></a><br/>
		<div class="stackTrace" id="exception-3cdae7bd-6c61-45cd-91ad-a5e6f2e51c1f">
					org.testng.Assert.fail(Assert.java:111)<br/>
					org.testng.Assert.failNotEquals(Assert.java:1578)<br/>
					org.testng.Assert.assertTrue(Assert.java:57)<br/>
					org.testng.Assert.assertTrue(Assert.java:67)<br/>
					UI_TestNG.DependencyTest.reporterTest3(DependencyTest.java:29)<br/>
					java.base/jdk.internal.reflect.DirectMethodHandleAccessor.invoke(DirectMethodHandleAccessor.java:103)<br/>
					java.base/java.lang.reflect.Method.invoke(Method.java:580)<br/>
					org.testng.internal.invokers.MethodInvocationHelper.invokeMethod(MethodInvocationHelper.java:141)<br/>
					org.testng.internal.invokers.TestInvoker.invokeMethod(TestInvoker.java:686)<br/>
					org.testng.internal.invokers.TestInvoker.invokeTestMethod(TestInvoker.java:230)<br/>
					org.testng.internal.invokers.MethodRunner.runInSequence(MethodRunner.java:63)<br/>
					org.testng.internal.invokers.TestInvoker$MethodInvocationAgent.invoke(TestInvoker.java:992)<br/>
					org.testng.internal.invokers.TestInvoker.invokeTestMethods(TestInvoker.java:203)<br/>
					org.testng.internal.invokers.TestMethodWorker.invokeTestMethods(TestMethodWorker.java:154)<br/>
					org.testng.internal.invokers.TestMethodWorker.run(TestMethodWorker.java:134)<br/>
					java.base/java.util.ArrayList.forEach(ArrayList.java:1596)<br/>
					org.testng.TestRunner.privateRun(TestRunner.java:739)<br/>
					org.testng.TestRunner.run(TestRunner.java:614)<br/>
					org.testng.SuiteRunner.runTest(SuiteRunner.java:421)<br/>
					org.testng.SuiteRunner.runSequentially(SuiteRunner.java:413)<br/>
					org.testng.SuiteRunner.privateRun(SuiteRunner.java:373)<br/>
					org.testng.SuiteRunner.run(SuiteRunner.java:312)<br/>
					org.testng.SuiteRunnerWorker.runSuite(SuiteRunnerWorker.java:52)<br/>
					org.testng.SuiteRunnerWorker.run(SuiteRunnerWorker.java:95)<br/>
					org.testng.TestNG.runSuitesSequentially(TestNG.java:1274)<br/>
					org.testng.TestNG.runSuitesLocally(TestNG.java:1208)<br/>
					org.testng.TestNG.runSuites(TestNG.java:1112)<br/>
					org.testng.TestNG.run(TestNG.java:1079)<br/>
					org.testng.remote.AbstractRemoteTestNG.run(AbstractRemoteTestNG.java:115)<br/>
					org.testng.remote.RemoteTestNG.initAndRun(RemoteTestNG.java:293)<br/>
					org.testng.remote.RemoteTestNG.main(RemoteTestNG.java:91)<br/>
						</div>
		</td>
	</div>
</tr>
						
											<tr>
	<td class="time">1717938687193</td>
	<td class="header skipped" colspan="4" onClick="toggleElement('06f39635-611b-4866-abe9-0541da0143ad','block');changeSingleIcon('span-06f39635-611b-4866-abe9-0541da0143ad');" title="Click to expand/collapse" style="cursor: pointer;">
	<div style="float:left;"><i>Class&nbsp;:&nbsp;</i>UI_TestNG.DependencyTest</div>
	<div style="float:right;">@Test @ with DataProvider : [""] &nbsp;&nbsp;<span id='span-06f39635-611b-4866-abe9-0541da0143ad' class="glyphicon glyphicon-menu-down"></span></div>
	</td>
	</tr>
<tr>
	<td class="time">1717938687193</td>
	<td class="methodTest">
		<span class="description"><b>Method: </b>reporterTest4</span><br>
			<span class="description"><b>Description: </b></span><br>
						<span class="description"><b>Groups: </b><font color='green'>sanity</font></span><br>
				<span class="duration"><b>Duration: </b>0.000s</span><br>
	</td>
	<td class="result">
		 					<i>Depends on group(s): </i>
			<span class="dependency">smoke</span>
			<br>
									<div class="stackTrace" id="06f39635-611b-4866-abe9-0541da0143ad" style="display: block;">
												==============================================================================================
												Total Passed: 1(+1), Failures: 2(+2), Skips: 1(+1)
												==============================================================================================
									<a href="javascript:toggleElement('exception-06f39635-611b-4866-abe9-0541da0143ad','block')" title="Click to expand/collapse"><b>java.lang.Throwable: Method DependencyTest.reporterTest4()[pri:0, instance:UI_TestNG.DependencyTest@24fcf36f] depends on not successfully finished methods in group &quot;smoke&quot;</b></a><br/>
		<div class="stackTrace" id="exception-06f39635-611b-4866-abe9-0541da0143ad">
					org.testng.internal.invokers.TestInvoker.invokeTestMethods(TestInvoker.java:159)<br/>
					org.testng.internal.invokers.TestMethodWorker.invokeTestMethods(TestMethodWorker.java:154)<br/>
					org.testng.internal.invokers.TestMethodWorker.run(TestMethodWorker.java:134)<br/>
					java.base/java.util.ArrayList.forEach(ArrayList.java:1596)<br/>
					org.testng.TestRunner.privateRun(TestRunner.java:739)<br/>
					org.testng.TestRunner.run(TestRunner.java:614)<br/>
					org.testng.SuiteRunner.runTest(SuiteRunner.java:421)<br/>
					org.testng.SuiteRunner.runSequentially(SuiteRunner.java:413)<br/>
					org.testng.SuiteRunner.privateRun(SuiteRunner.java:373)<br/>
					org.testng.SuiteRunner.run(SuiteRunner.java:312)<br/>
					org.testng.SuiteRunnerWorker.runSuite(SuiteRunnerWorker.java:52)<br/>
					org.testng.SuiteRunnerWorker.run(SuiteRunnerWorker.java:95)<br/>
					org.testng.TestNG.runSuitesSequentially(TestNG.java:1274)<br/>
					org.testng.TestNG.runSuitesLocally(TestNG.java:1208)<br/>
					org.testng.TestNG.runSuites(TestNG.java:1112)<br/>
					org.testng.TestNG.run(TestNG.java:1079)<br/>
					org.testng.remote.AbstractRemoteTestNG.run(AbstractRemoteTestNG.java:115)<br/>
					org.testng.remote.RemoteTestNG.initAndRun(RemoteTestNG.java:293)<br/>
					org.testng.remote.RemoteTestNG.main(RemoteTestNG.java:91)<br/>
						</div>
		</td>
	</div>
</tr>
						
												<tr>
			<td class="time">1717938687189</td>
			<td class="header passed" colspan="4" onClick="toggleElement('ece0d735-3941-4842-be56-ed314104d4c7','block');changeSingleIcon('span-ece0d735-3941-4842-be56-ed314104d4c7');" title="Click to expand/collapse" style="cursor: pointer;">
			<div style="float:left;"><i>Class&nbsp;:&nbsp;</i>UI_TestNG.DependencyTest</div>
			<div style="float:right;">@Test @ with DataProvider : [""] &nbsp;&nbsp;<span id='span-ece0d735-3941-4842-be56-ed314104d4c7' class="glyphicon glyphicon-menu-down"></span></div>
			</td>
			</tr>
			<tr>
	<td class="time">1717938687189</td>
	<td class="methodTest">
		<span class="description"><b>Method: </b>userSearch</span><br>
			<span class="description"><b>Description: </b></span><br>
							<span class="duration"><b>Duration: </b>0.001s</span><br>
	</td>
	<td class="result">
						<div class="stackTrace" id="ece0d735-3941-4842-be56-ed314104d4c7" style="display: block;">
												Method name is - userSearch
												Status of execution is - 1
								</td>
	</div>
</tr>
					  
	</tbody>
	</table>
</div>
</body>
</html>
