<?xml version="1.0" encoding="UTF-8"?>
<!-- Generated by org.testng.reporters.JUnitXMLReporter -->
<testsuite ignored="2" hostname="DESKTOP-RTFTH45" failures="2" tests="10" name="Functional Testing" time="5.865" errors="0" timestamp="2024-06-09T09:43:18 BST">
  <testcase classname="UI_TestNG.LoginTestCase" name="bloginTest" time="0.005"/>
  <testcase classname="UI_TestNG.LoginTestCase" name="alogoutTest" time="0.001"/>
  <testcase classname="UI_TestNG.HowToUseAssertion" name="titleTest" time="3.295"/>
  <testcase classname="UI_TestNG.HowToGroupTestCases" name="bTest3" time="0.001"/>
  <testcase classname="UI_TestNG.HowToGroupTestCases" name="bTest4" time="0.0"/>
  <testcase classname="UI_TestNG.HowToGroupTestCases" name="aTest1" time="0.001"/>
  <testcase classname="UI_TestNG.HowToGroupTestCases" name="bTest2" time="0.006">
    <failure type="java.lang.AssertionError" message="expected [true] but found [false]">
      <![CDATA[java.lang.AssertionError: expected [true] but found [false]
at UI_TestNG.HowToGroupTestCases.bTest2(HowToGroupTestCases.java:21)
at java.base/java.util.ArrayList.forEach(ArrayList.java:1596)
... Removed 29 stack frames]]>
    </failure>
  </testcase> <!-- bTest2 -->
  <testcase classname="UI_TestNG.SoftAssertion" name="titleTest" time="2.509">
    <failure type="java.lang.AssertionError" message="The following asserts failed:
	Text verification failed expected [Electronics, Cars, ffffFashion, Collectibles &amp;amp; More | eBay] but found [Electronics, Cars, Fashion, Collectibles &amp;amp; More | eBay],
	Text verification failed expected [Searchhhn] but found [Search]">
      <![CDATA[java.lang.AssertionError: The following asserts failed:
Text verification failed expected [Electronics, Cars, ffffFashion, Collectibles & More | eBay] but found [Electronics, Cars, Fashion, Collectibles & More | eBay],
Text verification failed expected [Searchhhn] but found [Search]
at UI_TestNG.SoftAssertion.titleTest(SoftAssertion.java:37)
at java.base/java.util.ArrayList.forEach(ArrayList.java:1596)
... Removed 27 stack frames]]>
    </failure>
  </testcase> <!-- titleTest -->
  <testcase classname="UI_TestNG.TestNGAnnotations" name="bTest1" time="0.001"/>
  <testcase classname="UI_TestNG.TestNGAnnotations" name="aTest2" time="0.0"/>
  <testcase classname="common.commonDataSetupSuites" name="@AfterSuite dataTeardown" time="0.0">
    <ignored/>
  </testcase> <!-- @AfterSuite dataTeardown -->
  <testcase classname="common.commonDataSetupSuites" name="@BeforeSuite dataSetup" time="0.0">
    <ignored/>
  </testcase> <!-- @BeforeSuite dataSetup -->
</testsuite> <!-- Functional Testing -->
