<?xml version="1.0" encoding="UTF-8"?>
<!-- Generated by org.testng.reporters.JUnitXMLReporter -->
<testsuite ignored="0" hostname="DESKTOP-RTFTH45" failures="1" tests="5" name="Functional Testing xml" time="4.298" errors="0" timestamp="2024-06-09T09:46:05 BST">
  <testcase classname="UI_TestNG.LoginTest_Parameter" name="launchApplication" time="4.253"/>
  <testcase classname="UI_TestNG.HowToGroupTestCases" name="bTest3" time="0.001"/>
  <testcase classname="UI_TestNG.HowToGroupTestCases" name="bTest4" time="0.0"/>
  <testcase classname="UI_TestNG.HowToGroupTestCases" name="aTest1" time="0.0"/>
  <testcase classname="UI_TestNG.HowToGroupTestCases" name="bTest2" time="0.006">
    <failure type="java.lang.AssertionError" message="expected [true] but found [false]">
      <![CDATA[java.lang.AssertionError: expected [true] but found [false]
at UI_TestNG.HowToGroupTestCases.bTest2(HowToGroupTestCases.java:21)
at java.base/java.util.ArrayList.forEach(ArrayList.java:1596)
... Removed 29 stack frames]]>
    </failure>
  </testcase> <!-- bTest2 -->
</testsuite> <!-- Functional Testing xml -->
